f:\rasteriser\rasteriser\debug\rasteriser.pch
f:\rasteriser\rasteriser\debug\vc141.pdb
f:\rasteriser\rasteriser\debug\vc141.idb
f:\rasteriser\rasteriser\debug\pch.obj
f:\rasteriser\rasteriser\debug\vector4.obj
f:\rasteriser\rasteriser\debug\vector2.obj
f:\rasteriser\rasteriser\debug\triangle.obj
f:\rasteriser\rasteriser\debug\scene.obj
f:\rasteriser\rasteriser\debug\rasteriser.obj
f:\rasteriser\rasteriser\debug\primitive.obj
f:\rasteriser\rasteriser\debug\main.obj
f:\rasteriser\rasteriser\debug\image.obj
f:\rasteriser\rasteriser\debug\vector3.obj
f:\rasteriser\rasteriser\debug\bitmapimage.obj
f:\rasteriser\debug\rasteriser.exe
f:\rasteriser\debug\rasteriser.ilk
f:\rasteriser\debug\rasteriser.pdb
f:\rasteriser\rasteriser\debug\rasteriser.tlog\cl.command.1.tlog
f:\rasteriser\rasteriser\debug\rasteriser.tlog\cl.read.1.tlog
f:\rasteriser\rasteriser\debug\rasteriser.tlog\cl.write.1.tlog
f:\rasteriser\rasteriser\debug\rasteriser.tlog\link.command.1.tlog
f:\rasteriser\rasteriser\debug\rasteriser.tlog\link.read.1.tlog
f:\rasteriser\rasteriser\debug\rasteriser.tlog\link.write.1.tlog
